<?xml version="1.0" encoding="UTF-8"?>
<!-- Generated by org.testng.reporters.JUnitReportReporter -->
<testsuite hostname="DESKTOP-SS1GI7N" failures="0" tests="2" name="p1.test1" time="0.046" errors="0" timestamp="14 May 2019 05:43:30 GMT" skipped="0">
  <testcase classname="p1.test1" name="method1" time="0.043"/>
  <testcase classname="p1.test1" name="method2" time="0.003"/>
</testsuite> <!-- p1.test1 -->
